<?xml version="1.0" encoding="UTF-8"?>
<!-- Generated by org.testng.reporters.JUnitReportReporter -->
<testsuite hostname="DESKTOP-EDG9KS6" failures="0" tests="4" name="testScripts.ExDanubeUsingExcel" time="9.760" errors="0" timestamp="2023-03-02T10:38:36 IST" skipped="0">
  <testcase classname="testScripts.ExDanubeUsingExcel" name="signup" time="4.737"/>
  <system-out/>
  <testcase classname="testScripts.ExDanubeUsingExcel" name="Checkout" time="2.082"/>
  <system-out/>
  <testcase classname="testScripts.ExDanubeUsingExcel" name="searchItem" time="2.035"/>
  <system-out/>
  <testcase classname="testScripts.ExDanubeUsingExcel" name="AddtoCart" time="0.906"/>
  <system-out/>
</testsuite> <!-- testScripts.ExDanubeUsingExcel -->
