<?xml version="1.0" encoding="UTF-8"?>
<!-- Generated by org.testng.reporters.JUnitReportReporter -->
<testsuite hostname="DESKTOP-EDG9KS6" failures="0" tests="1" name="testScripts.ExDanubeUsingCSV" time="3.334" errors="0" timestamp="2023-03-02T18:09:55 IST" skipped="0">
  <testcase classname="testScripts.ExDanubeUsingCSV" name="signup" time="3.334"/>
  <system-out/>
</testsuite> <!-- testScripts.ExDanubeUsingCSV -->
