<?xml version="1.0" encoding="UTF-8"?>
<!-- Generated by org.testng.reporters.JUnitReportReporter -->
<testsuite skipped="0" hostname="DESKTOP-EDG9KS6" name="parallelScripts.SampleTwoTest" tests="4" failures="0" timestamp="2023-03-04T15:02:46 IST" time="0.249" errors="0">
  <testcase name="TestFour" time="0.007" classname="parallelScripts.SampleTwoTest"/>
  <system-out/>
  <testcase name="TestOne" time="0.006" classname="parallelScripts.SampleTwoTest"/>
  <system-out/>
  <testcase name="TestTwo" time="0.165" classname="parallelScripts.SampleTwoTest"/>
  <system-out/>
  <testcase name="TestThree" time="0.071" classname="parallelScripts.SampleTwoTest"/>
  <system-out/>
</testsuite> <!-- parallelScripts.SampleTwoTest -->
