<?xml version="1.0" encoding="UTF-8"?>
<!-- Generated by org.testng.reporters.JUnitReportReporter -->
<testsuite hostname="DESKTOP-EDG9KS6" failures="0" tests="4" name="testScripts.ExBanking" time="40.923" errors="0" timestamp="2023-03-01T00:02:04 IST" skipped="0">
  <testcase classname="testScripts.ExBanking" name="Transferfund" time="11.714"/>
  <system-out/>
  <testcase classname="testScripts.ExBanking" name="register" time="12.559"/>
  <system-out/>
  <testcase classname="testScripts.ExBanking" name="openaccount" time="10.645"/>
  <system-out/>
  <testcase classname="testScripts.ExBanking" name="overview" time="6.005"/>
  <system-out/>
</testsuite> <!-- testScripts.ExBanking -->
