<?xml version="1.0" encoding="UTF-8"?>
<!-- Generated by org.testng.reporters.JUnitReportReporter -->
<testsuite hostname="DESKTOP-EDG9KS6" failures="0" tests="4" name="testScripts.ExerciseBanking" time="16.891" errors="0" timestamp="2023-03-01T17:52:33 IST" skipped="0">
  <testcase classname="testScripts.ExerciseBanking" name="TransferFund" time="3.555"/>
  <system-out/>
  <testcase classname="testScripts.ExerciseBanking" name="Register" time="8.399"/>
  <system-out/>
  <testcase classname="testScripts.ExerciseBanking" name="openAcc" time="3.483"/>
  <system-out/>
  <testcase classname="testScripts.ExerciseBanking" name="AccOverview" time="1.454"/>
  <system-out/>
</testsuite> <!-- testScripts.ExerciseBanking -->
