<?xml version="1.0" encoding="UTF-8"?>
<!-- Generated by org.testng.reporters.JUnitReportReporter -->
<testsuite hostname="DESKTOP-EDG9KS6" failures="0" tests="4" name="testScripts.ExParaBankReport" time="15.359" errors="0" timestamp="2023-03-03T21:49:10 IST" skipped="0">
  <testcase classname="testScripts.ExParaBankReport" name="TransferFund" time="3.508"/>
  <system-out/>
  <testcase classname="testScripts.ExParaBankReport" name="Register" time="7.056"/>
  <system-out/>
  <testcase classname="testScripts.ExParaBankReport" name="openAcc" time="3.463"/>
  <system-out/>
  <testcase classname="testScripts.ExParaBankReport" name="AccOverview" time="1.332"/>
  <system-out/>
</testsuite> <!-- testScripts.ExParaBankReport -->
