<?xml version="1.0" encoding="UTF-8"?>
<!-- Generated by org.testng.reporters.JUnitReportReporter -->
<testsuite skipped="0" hostname="DESKTOP-EDG9KS6" name="parallelScripts.SampleThreeTest" tests="4" failures="0" timestamp="2023-03-04T15:02:46 IST" time="0.020" errors="0">
  <testcase name="TestTwo" time="0.003" classname="parallelScripts.SampleThreeTest"/>
  <system-out/>
  <testcase name="TestOne" time="0.010" classname="parallelScripts.SampleThreeTest"/>
  <system-out/>
  <testcase name="TestFour" time="0.003" classname="parallelScripts.SampleThreeTest"/>
  <system-out/>
  <testcase name="TestThree" time="0.004" classname="parallelScripts.SampleThreeTest"/>
  <system-out/>
</testsuite> <!-- parallelScripts.SampleThreeTest -->
