<?xml version="1.0" encoding="UTF-8"?>
<!-- Generated by org.testng.reporters.JUnitReportReporter -->
<testsuite skipped="0" hostname="DESKTOP-EDG9KS6" name="parallelScripts.SampleOneTest" tests="9" failures="0" timestamp="2023-03-04T15:02:46 IST" time="0.679" errors="0">
  <testcase name="TestOne" time="0.005" classname="parallelScripts.SampleOneTest"/>
  <system-out/>
  <testcase name="TestFour" time="0.014" classname="parallelScripts.SampleOneTest"/>
  <system-out/>
  <testcase name="TestFour" time="0.003" classname="parallelScripts.SampleOneTest"/>
  <system-out/>
  <testcase name="TestFour" time="0.180" classname="parallelScripts.SampleOneTest"/>
  <system-out/>
  <testcase name="TestFour" time="0.197" classname="parallelScripts.SampleOneTest"/>
  <system-out/>
  <testcase name="TestThree" time="0.004" classname="parallelScripts.SampleOneTest"/>
  <system-out/>
  <testcase name="TestTwo" time="0.004" classname="parallelScripts.SampleOneTest"/>
  <system-out/>
  <testcase name="TestFour" time="0.011" classname="parallelScripts.SampleOneTest"/>
  <system-out/>
  <testcase name="TestFour" time="0.261" classname="parallelScripts.SampleOneTest"/>
  <system-out/>
</testsuite> <!-- parallelScripts.SampleOneTest -->
