<?xml version="1.0" encoding="UTF-8"?>
<!-- Generated by org.testng.reporters.JUnitReportReporter -->
<testsuite hostname="DESKTOP-EDG9KS6" failures="0" tests="4" name="testScripts.ExDanubeUsingXML" time="5.241" errors="0" timestamp="2023-03-02T12:15:31 IST" skipped="0">
  <testcase classname="testScripts.ExDanubeUsingXML" name="Checkout" time="1.316"/>
  <system-out/>
  <testcase classname="testScripts.ExDanubeUsingXML" name="signup" time="2.098"/>
  <system-out/>
  <testcase classname="testScripts.ExDanubeUsingXML" name="searchItem" time="1.060"/>
  <system-out/>
  <testcase classname="testScripts.ExDanubeUsingXML" name="AddtoCart" time="0.767"/>
  <system-out/>
</testsuite> <!-- testScripts.ExDanubeUsingXML -->
