<?xml version="1.0" encoding="UTF-8"?>
<!-- Generated by org.testng.reporters.JUnitReportReporter -->
<testsuite hostname="DESKTOP-EDG9KS6" failures="0" tests="1" name="testScripts.FileDownloadTest" time="81.473" errors="0" timestamp="2023-03-01T12:17:27 IST" skipped="0">
  <testcase classname="testScripts.FileDownloadTest" name="downloadFile" time="81.473"/>
  <system-out/>
</testsuite> <!-- testScripts.FileDownloadTest -->
