<?xml version="1.0" encoding="UTF-8"?>
<!-- Generated by org.testng.reporters.JUnitReportReporter -->
<testsuite hostname="DESKTOP-EDG9KS6" failures="0" tests="1" name="testScripts.FileUploadTest" time="17.330" errors="0" timestamp="2023-02-28T21:16:53 IST" skipped="0">
  <testcase classname="testScripts.FileUploadTest" name="fileUploadTest" time="17.330"/>
  <system-out/>
</testsuite> <!-- testScripts.FileUploadTest -->
